#
# A fatal error has been detected by the Java Runtime Environment:
#
#  EXCEPTION_ACCESS_VIOLATION (0xc0000005) at pc=0x0000000065ed7da1, pid=5784, tid=0x0000000000000aa4
#
# JRE version: Java(TM) SE Runtime Environment (8.0_281-b09) (build 1.8.0_281-b09)
# Java VM: Java HotSpot(TM) 64-Bit Server VM (25.281-b09 mixed mode windows-amd64 compressed oops)
# Problematic frame:
# V  [jvm.dll+0x47da1]
#
# Failed to write core dump. Minidumps are not enabled by default on client versions of Windows
#
# If you would like to submit a bug report, please visit:
#   http://bugreport.java.com/bugreport/crash.jsp
#

---------------  T H R E A D  ---------------

Current thread (0x0000000013d63800):  JavaThread "C2 CompilerThread1" daemon [_thread_in_vm, id=2724, stack(0x00000000154f0000,0x00000000155f0000)]

siginfo: ExceptionCode=0xc0000005, reading address 0x0000000000000008

Registers:
RAX=0x0000000013d63800, RBX=0x0000000080191048, RCX=0x0000000080191048, RDX=0x0000000080191048
RSP=0x00000000155ec530, RBP=0x0000000000000000, RSI=0x0000000013d63800, RDI=0x000000001c3b1c20
R8 =0x0000000000000000, R9 =0x0000000000000067, R10=0x000000001c3b1e50, R11=0x000000001b1bd8c0
R12=0x0000000000109850, R13=0x0000000000109900, R14=0x000000001c3b1c20, R15=0x0000000000000069
RIP=0x0000000065ed7da1, EFLAGS=0x0000000000010202

Top of Stack: (sp=0x00000000155ec530)
0x00000000155ec530:   0000000080191058 0000000000000000
0x00000000155ec540:   0000000013d63800 0000000000109950
0x00000000155ec550:   000000001a447280 00000000660f0b01
0x00000000155ec560:   0000000000000006 000000006609d71d
0x00000000155ec570:   000000001c3b1c20 00000000155ede58
0x00000000155ec580:   0000000000109910 0000000080191048
0x00000000155ec590:   0000000000000067 0000000065ed87b5
0x00000000155ec5a0:   0000000013d63800 0000000000003d5c
0x00000000155ec5b0:   0000000000270000 0000000065f84deb
0x00000000155ec5c0:   0000000000109900 0000000080191048
0x00000000155ec5d0:   0000000000000003 0000000065ed62f9
0x00000000155ec5e0:   0000000000109910 0000000000000001
0x00000000155ec5f0:   0000000000000018 000000001b1be5a0
0x00000000155ec600:   0000000013d3ca60 0000000000109910
0x00000000155ec610:   0000000000000080 0000000065ed5500
0x00000000155ec620:   0000000022040928 000000001b1be5a0 

Instructions: (pc=0x0000000065ed7da1)
0x0000000065ed7d81:   1b e7 72 00 ff 15 65 86 55 00 44 0f b6 05 8d 42
0x0000000065ed7d91:   77 00 48 8b f0 45 84 c0 74 39 4c 8b 03 48 8b cb
0x0000000065ed7da1:   41 ff 50 08 84 c0 74 2b 83 7b 08 00 7e 25 0f b6
0x0000000065ed7db1:   83 10 01 00 00 c0 e8 03 a8 01 74 17 48 8b 03 48 


Register to memory mapping:

RAX=0x0000000013d63800 is a thread
RBX=0x0000000080191048 is pointing into metadata
RCX=0x0000000080191048 is pointing into metadata
RDX=0x0000000080191048 is pointing into metadata
RSP=0x00000000155ec530 is pointing into the stack for thread: 0x0000000013d63800
RBP=0x0000000000000000 is an unknown value
RSI=0x0000000013d63800 is a thread
RDI=0x000000001c3b1c20 is an unknown value
R8 =0x0000000000000000 is an unknown value
R9 =0x0000000000000067 is an unknown value
R10=0x000000001c3b1e50 is an unknown value
R11=0x000000001b1bd8c0 is an unknown value
R12=0x0000000000109850 is an unknown value
R13=0x0000000000109900 is an unknown value
R14=0x000000001c3b1c20 is an unknown value
R15=0x0000000000000069 is an unknown value


Stack: [0x00000000154f0000,0x00000000155f0000],  sp=0x00000000155ec530,  free space=1009k
Native frames: (J=compiled Java code, j=interpreted, Vv=VM code, C=native code)


Current CompileTask:
C2:2933687 15711       4       org.gradle.api.internal.attributes.DefaultImmutableAttributes::keySet (8 bytes)


---------------  P R O C E S S  ---------------

Java Threads: ( => current thread )
  0x0000000019c3a000 JavaThread "Cache worker for execution history cache (C:\Users\PRANIL\git\CBIA\.gradle\6.8.3\executionHistory)" [_thread_blocked, id=2928, stack(0x0000000025860000,0x0000000025960000)]
  0x000000001c483000 JavaThread "Execution worker for ':' Thread 3" [_thread_blocked, id=2136, stack(0x0000000025690000,0x0000000025790000)]
  0x000000001c482800 JavaThread "Execution worker for ':' Thread 2" [_thread_blocked, id=6872, stack(0x00000000254d0000,0x00000000255d0000)]
  0x000000001c481800 JavaThread "Execution worker for ':'" [_thread_blocked, id=3912, stack(0x0000000025350000,0x0000000025450000)]
  0x000000001c481000 JavaThread "jar transforms Thread 76" [_thread_blocked, id=5584, stack(0x0000000024db0000,0x0000000024eb0000)]
  0x000000001c480000 JavaThread "jar transforms Thread 75" [_thread_blocked, id=8560, stack(0x0000000025180000,0x0000000025280000)]
  0x000000001c47f800 JavaThread "jar transforms Thread 74" [_thread_blocked, id=7652, stack(0x0000000024ed0000,0x0000000024fd0000)]
  0x000000001c47e800 JavaThread "jar transforms Thread 73" [_thread_blocked, id=7780, stack(0x0000000022430000,0x0000000022530000)]
  0x000000001c47d800 JavaThread "jar transforms Thread 72" [_thread_blocked, id=4640, stack(0x0000000024cb0000,0x0000000024db0000)]
  0x000000001c47d000 JavaThread "jar transforms Thread 71" [_thread_blocked, id=6064, stack(0x00000000235a0000,0x00000000236a0000)]
  0x000000001c47c000 JavaThread "jar transforms Thread 70" [_thread_blocked, id=8824, stack(0x0000000024b40000,0x0000000024c40000)]
  0x000000001774d000 JavaThread "jar transforms Thread 69" [_thread_blocked, id=2932, stack(0x00000000210a0000,0x00000000211a0000)]
  0x0000000017756000 JavaThread "jar transforms Thread 68" [_thread_blocked, id=7200, stack(0x0000000021e70000,0x0000000021f70000)]
  0x0000000017752800 JavaThread "jar transforms Thread 67" [_thread_blocked, id=5580, stack(0x00000000212c0000,0x00000000213c0000)]
  0x00000000162de000 JavaThread "jar transforms Thread 66" [_thread_blocked, id=7640, stack(0x0000000021cc0000,0x0000000021dc0000)]
  0x00000000162dd000 JavaThread "jar transforms Thread 65" [_thread_blocked, id=6928, stack(0x0000000020e60000,0x0000000020f60000)]
  0x00000000162de800 JavaThread "jar transforms Thread 64" [_thread_blocked, id=5912, stack(0x000000001ed20000,0x000000001ee20000)]
  0x00000000162df800 JavaThread "jar transforms Thread 63" [_thread_blocked, id=5280, stack(0x00000000203a0000,0x00000000204a0000)]
  0x000000001c22a000 JavaThread "jar transforms Thread 62" [_thread_blocked, id=8024, stack(0x00000000211a0000,0x00000000212a0000)]
  0x000000001c227800 JavaThread "jar transforms Thread 61" [_thread_blocked, id=8948, stack(0x0000000020f70000,0x0000000021070000)]
  0x000000001c229000 JavaThread "jar transforms Thread 60" [_thread_blocked, id=7740, stack(0x0000000020ad0000,0x0000000020bd0000)]
  0x000000001c227000 JavaThread "jar transforms Thread 59" [_thread_blocked, id=8728, stack(0x00000000209d0000,0x0000000020ad0000)]
  0x000000001c226000 JavaThread "jar transforms Thread 58" [_thread_blocked, id=4068, stack(0x0000000020620000,0x0000000020720000)]
  0x000000001c224800 JavaThread "Build operations Thread 4" [_thread_blocked, id=5216, stack(0x000000001d140000,0x000000001d240000)]
  0x000000001c225800 JavaThread "Build operations Thread 3" [_thread_blocked, id=6968, stack(0x00000000204c0000,0x00000000205c0000)]
  0x000000001c22a800 JavaThread "Build operations Thread 2" [_thread_blocked, id=7336, stack(0x000000001fa00000,0x000000001fb00000)]
  0x000000001c228800 JavaThread "Build operations" [_thread_blocked, id=6024, stack(0x000000001f230000,0x000000001f330000)]
  0x000000001c22b800 JavaThread "Cache worker for Build Output Cleanup Cache (C:\Users\PRANIL\git\CBIA\.gradle\buildOutputCleanup)" [_thread_blocked, id=6356, stack(0x000000001f740000,0x000000001f840000)]
  0x0000000017757000 JavaThread "Cache worker for cache directory md-rule (C:\Users\PRANIL\.gradle\caches\6.8.3\md-rule)" [_thread_blocked, id=7412, stack(0x000000001f840000,0x000000001f940000)]
  0x0000000017758800 JavaThread "Cache worker for cache directory md-supplier (C:\Users\PRANIL\.gradle\caches\6.8.3\md-supplier)" [_thread_blocked, id=4332, stack(0x000000001ea20000,0x000000001eb20000)]
  0x0000000017757800 JavaThread "Cache worker for checksums cache (C:\Users\PRANIL\git\CBIA\.gradle\checksums)" [_thread_blocked, id=7220, stack(0x000000001f610000,0x000000001f710000)]
  0x000000001774f800 JavaThread "Cache worker for file hash cache (C:\Users\PRANIL\git\CBIA\.gradle\6.8.3\fileHashes)" [_thread_blocked, id=7248, stack(0x0000000018de0000,0x0000000018ee0000)]
  0x000000001774b800 JavaThread "Daemon client event forwarder" [_thread_blocked, id=6404, stack(0x000000001d020000,0x000000001d120000)]
  0x000000001774c800 JavaThread "Stdin handler" [_thread_blocked, id=6820, stack(0x000000001cdd0000,0x000000001ced0000)]
  0x0000000017754000 JavaThread "Asynchronous log dispatcher for DefaultDaemonConnection: socket connection from /127.0.0.1:62287 to /127.0.0.1:65400" [_thread_blocked, id=4852, stack(0x0000000015710000,0x0000000015810000)]
  0x0000000017753000 JavaThread "Cancel handler" [_thread_blocked, id=6908, stack(0x0000000018cc0000,0x0000000018dc0000)]
  0x0000000017754800 JavaThread "Handler for socket connection from /127.0.0.1:62287 to /127.0.0.1:65400" [_thread_in_native, id=8800, stack(0x0000000018b20000,0x0000000018c20000)]
  0x0000000017755800 JavaThread "Daemon worker Thread 3" [_thread_blocked, id=3432, stack(0x000000001ba10000,0x000000001bb10000)]
  0x000000001774e000 JavaThread "Daemon Thread 3" [_thread_blocked, id=3416, stack(0x0000000018180000,0x0000000018280000)]
  0x00000000162e0000 JavaThread "Cache worker for Java compile cache (C:\Users\PRANIL\.gradle\caches\6.8.3\javaCompile)" [_thread_blocked, id=6976, stack(0x0000000017d90000,0x0000000017e90000)]
  0x00000000162dc800 JavaThread "Memory manager" [_thread_blocked, id=7228, stack(0x0000000021b00000,0x0000000021c00000)]
  0x0000000017750000 JavaThread "Cache worker for file content cache (C:\Users\PRANIL\.gradle\caches\6.8.3\fileContent)" [_thread_blocked, id=4528, stack(0x000000001cf00000,0x000000001d000000)]
  0x000000001774e800 JavaThread "Cache worker for execution history cache (C:\Users\PRANIL\.gradle\caches\6.8.3\executionHistory)" [_thread_blocked, id=7096, stack(0x000000001d250000,0x000000001d350000)]
  0x000000001774b000 JavaThread "Cache worker for journal cache (C:\Users\PRANIL\.gradle\caches\journal-1)" [_thread_blocked, id=7584, stack(0x000000001b430000,0x000000001b530000)]
  0x000000001774a000 JavaThread "File lock request listener" [_thread_in_native, id=3268, stack(0x000000001a1c0000,0x000000001a2c0000)]
  0x0000000017749800 JavaThread "Cache worker for file hash cache (C:\Users\PRANIL\.gradle\caches\6.8.3\fileHashes)" [_thread_blocked, id=7324, stack(0x000000001a2d0000,0x000000001a3d0000)]
  0x0000000015f4c000 JavaThread "Daemon periodic checks" [_thread_blocked, id=1292, stack(0x0000000018590000,0x0000000018690000)]
  0x00000000173e0000 JavaThread "Incoming local TCP Connector on port 62287" [_thread_in_native, id=5396, stack(0x00000000183c0000,0x00000000184c0000)]
  0x0000000016ae5800 JavaThread "Daemon health stats" [_thread_blocked, id=6388, stack(0x0000000017c00000,0x0000000017d00000)]
  0x0000000013dd3000 JavaThread "Service Thread" daemon [_thread_blocked, id=6620, stack(0x0000000015ae0000,0x0000000015be0000)]
  0x0000000013d6e000 JavaThread "C1 CompilerThread2" daemon [_thread_blocked, id=7576, stack(0x0000000015840000,0x0000000015940000)]
=>0x0000000013d63800 JavaThread "C2 CompilerThread1" daemon [_thread_in_vm, id=2724, stack(0x00000000154f0000,0x00000000155f0000)]
  0x0000000013d61000 JavaThread "C2 CompilerThread0" daemon [_thread_blocked, id=5740, stack(0x0000000015240000,0x0000000015340000)]
  0x0000000013d5b000 JavaThread "Attach Listener" daemon [_thread_blocked, id=8580, stack(0x0000000015610000,0x0000000015710000)]
  0x0000000013d5a000 JavaThread "Signal Dispatcher" daemon [_thread_blocked, id=7292, stack(0x0000000015340000,0x0000000015440000)]
  0x000000000018e800 JavaThread "Finalizer" daemon [_thread_blocked, id=7632, stack(0x0000000015140000,0x0000000015240000)]
  0x0000000000187000 JavaThread "Reference Handler" daemon [_thread_blocked, id=6464, stack(0x0000000014f80000,0x0000000015080000)]
  0x00000000000f8000 JavaThread "main" [_thread_blocked, id=6488, stack(0x00000000021b0000,0x00000000022b0000)]

Other Threads:
  0x0000000000180800 VMThread [stack: 0x0000000014dc0000,0x0000000014ec0000] [id=3364]
  0x0000000013deb800 WatcherThread [stack: 0x0000000015c70000,0x0000000015d70000] [id=8536]

VM state:synchronizing (normal execution)

VM Mutex/Monitor currently owned by a thread:  ([mutex/lock_event])
[0x00000000000ed440] Threads_lock - owner thread: 0x0000000000180800

heap address: 0x00000000e0000000, size: 512 MB, Compressed Oops mode: 32-bit
Narrow klass base: 0x0000000000000000, Narrow klass shift: 0
Compressed class space size: 1073741824 Address: 0x000000007fff0000

Heap:
 PSYoungGen      total 144896K, used 64249K [0x00000000f5580000, 0x0000000100000000, 0x0000000100000000)
  eden space 126976K, 38% used [0x00000000f5580000,0x00000000f85966f0,0x00000000fd180000)
  from space 17920K, 83% used [0x00000000fe500000,0x00000000ff3a7f10,0x00000000ff680000)
  to   space 19968K, 0% used [0x00000000fd180000,0x00000000fd180000,0x00000000fe500000)
 ParOldGen       total 175104K, used 140103K [0x00000000e0000000, 0x00000000eab00000, 0x00000000f5580000)
  object space 175104K, 80% used [0x00000000e0000000,0x00000000e88d1f20,0x00000000eab00000)
 Metaspace       used 69559K, capacity 73218K, committed 73344K, reserved 1112064K
  class space    used 9152K, capacity 9800K, committed 9856K, reserved 1048576K

Card table byte_map: [0x0000000002060000,0x0000000002170000] byte_map_base: 0x0000000001960000

Marking Bits: (ParMarkBitMap*) 0x0000000066676ff0
 Begin Bits: [0x0000000012040000, 0x0000000012840000)
 End Bits:   [0x0000000012840000, 0x0000000013040000)

Polling page: 0x0000000000440000

CodeCache: size=245760Kb used=44891Kb max_used=44903Kb free=200868Kb
 bounds [0x0000000002580000, 0x00000000051a0000, 0x0000000011580000]
 total_blobs=13315 nmethods=12451 adapters=775
 compilation: enabled

Compilation events (10 events):
Event: 2931.781 Thread 0x0000000013d61000 nmethod 15707 0x000000000518bfd0 code [0x000000000518c2c0, 0x000000000518e170]
Event: 2932.167 Thread 0x0000000013d6e000 15709       3       org.gradle.internal.resources.DefaultResourceLockCoordinationService$ReleaseLocks::transform (42 bytes)
Event: 2932.167 Thread 0x0000000013d6e000 nmethod 15709 0x0000000005185f90 code [0x0000000005186140, 0x0000000005186758]
Event: 2932.167 Thread 0x0000000013d6e000 15710       3       org.gradle.api.internal.artifacts.ivyservice.resolveengine.graph.builder.ComponentState::resolve (118 bytes)
Event: 2932.171 Thread 0x0000000013d6e000 nmethod 15710 0x00000000051910d0 code [0x00000000051914e0, 0x0000000005193898]
Event: 2932.359 Thread 0x0000000013d63800 15711       4       org.gradle.api.internal.attributes.DefaultImmutableAttributes::keySet (8 bytes)
Event: 2932.493 Thread 0x0000000013d61000 15712       4       org.gradle.api.internal.artifacts.ivyservice.modulecache.ModuleMetadataSerializer$Reader::readMavenDependencies (39 bytes)
Event: 2932.527 Thread 0x0000000013d61000 nmethod 15712 0x0000000005195150 code [0x0000000005195380, 0x0000000005196200]
Event: 2932.636 Thread 0x0000000013d6e000 15713       3       org.gradle.internal.component.local.model.DslOriginDependencyMetadataWrapper::getExcludes (10 bytes)
Event: 2932.637 Thread 0x0000000013d6e000 nmethod 15713 0x0000000005185b50 code [0x0000000005185cc0, 0x0000000005185ee8]

GC Heap History (10 events):
Event: 2042.426 GC heap before
{Heap before GC invocations=43 (full 3):
 PSYoungGen      total 148480K, used 148306K [0x00000000f5580000, 0x00000000fff00000, 0x0000000100000000)
  eden space 145920K, 100% used [0x00000000f5580000,0x00000000fe400000,0x00000000fe400000)
  from space 2560K, 93% used [0x00000000fe400000,0x00000000fe654a00,0x00000000fe680000)
  to   space 13824K, 0% used [0x00000000ff180000,0x00000000ff180000,0x00000000fff00000)
 ParOldGen       total 175104K, used 115409K [0x00000000e0000000, 0x00000000eab00000, 0x00000000f5580000)
  object space 175104K, 65% used [0x00000000e0000000,0x00000000e70b44e0,0x00000000eab00000)
 Metaspace       used 68222K, capacity 71634K, committed 71936K, reserved 1112064K
  class space    used 9029K, capacity 9642K, committed 9728K, reserved 1048576K
Event: 2044.697 GC heap after
Heap after GC invocations=43 (full 3):
 PSYoungGen      total 152576K, used 8864K [0x00000000f5580000, 0x00000000ffc00000, 0x0000000100000000)
  eden space 141824K, 0% used [0x00000000f5580000,0x00000000f5580000,0x00000000fe000000)
  from space 10752K, 82% used [0x00000000ff180000,0x00000000ffa28020,0x00000000ffc00000)
  to   space 14336K, 0% used [0x00000000fe000000,0x00000000fe000000,0x00000000fee00000)
 ParOldGen       total 175104K, used 116127K [0x00000000e0000000, 0x00000000eab00000, 0x00000000f5580000)
  object space 175104K, 66% used [0x00000000e0000000,0x00000000e7167c20,0x00000000eab00000)
 Metaspace       used 68222K, capacity 71634K, committed 71936K, reserved 1112064K
  class space    used 9029K, capacity 9642K, committed 9728K, reserved 1048576K
}
Event: 2058.456 GC heap before
{Heap before GC invocations=44 (full 3):
 PSYoungGen      total 152576K, used 150688K [0x00000000f5580000, 0x00000000ffc00000, 0x0000000100000000)
  eden space 141824K, 100% used [0x00000000f5580000,0x00000000fe000000,0x00000000fe000000)
  from space 10752K, 82% used [0x00000000ff180000,0x00000000ffa28020,0x00000000ffc00000)
  to   space 14336K, 0% used [0x00000000fe000000,0x00000000fe000000,0x00000000fee00000)
 ParOldGen       total 175104K, used 116127K [0x00000000e0000000, 0x00000000eab00000, 0x00000000f5580000)
  object space 175104K, 66% used [0x00000000e0000000,0x00000000e7167c20,0x00000000eab00000)
 Metaspace       used 68733K, capacity 72224K, committed 72576K, reserved 1112064K
  class space    used 9105K, capacity 9733K, committed 9856K, reserved 1048576K
Event: 2058.636 GC heap after
Heap after GC invocations=44 (full 3):
 PSYoungGen      total 143872K, used 5724K [0x00000000f5580000, 0x00000000ff700000, 0x0000000100000000)
  eden space 137728K, 0% used [0x00000000f5580000,0x00000000f5580000,0x00000000fdc00000)
  from space 6144K, 93% used [0x00000000fe000000,0x00000000fe5973f8,0x00000000fe600000)
  to   space 13824K, 0% used [0x00000000fe980000,0x00000000fe980000,0x00000000ff700000)
 ParOldGen       total 175104K, used 123114K [0x00000000e0000000, 0x00000000eab00000, 0x00000000f5580000)
  object space 175104K, 70% used [0x00000000e0000000,0x00000000e783aa50,0x00000000eab00000)
 Metaspace       used 68733K, capacity 72224K, committed 72576K, reserved 1112064K
  class space    used 9105K, capacity 9733K, committed 9856K, reserved 1048576K
}
Event: 2739.482 GC heap before
{Heap before GC invocations=45 (full 3):
 PSYoungGen      total 143872K, used 143452K [0x00000000f5580000, 0x00000000ff700000, 0x0000000100000000)
  eden space 137728K, 100% used [0x00000000f5580000,0x00000000fdc00000,0x00000000fdc00000)
  from space 6144K, 93% used [0x00000000fe000000,0x00000000fe5973f8,0x00000000fe600000)
  to   space 13824K, 0% used [0x00000000fe980000,0x00000000fe980000,0x00000000ff700000)
 ParOldGen       total 175104K, used 123114K [0x00000000e0000000, 0x00000000eab00000, 0x00000000f5580000)
  object space 175104K, 70% used [0x00000000e0000000,0x00000000e783aa50,0x00000000eab00000)
 Metaspace       used 69116K, capacity 72698K, committed 72832K, reserved 1112064K
  class space    used 9125K, capacity 9758K, committed 9856K, reserved 1048576K
Event: 2741.128 GC heap after
Heap after GC invocations=45 (full 3):
 PSYoungGen      total 146432K, used 13814K [0x00000000f5580000, 0x00000000ffd00000, 0x0000000100000000)
  eden space 132608K, 0% used [0x00000000f5580000,0x00000000f5580000,0x00000000fd700000)
  from space 13824K, 99% used [0x00000000fe980000,0x00000000ff6fd9c8,0x00000000ff700000)
  to   space 18944K, 0% used [0x00000000fd700000,0x00000000fd700000,0x00000000fe980000)
 ParOldGen       total 175104K, used 130387K [0x00000000e0000000, 0x00000000eab00000, 0x00000000f5580000)
  object space 175104K, 74% used [0x00000000e0000000,0x00000000e7f54f10,0x00000000eab00000)
 Metaspace       used 69116K, capacity 72698K, committed 72832K, reserved 1112064K
  class space    used 9125K, capacity 9758K, committed 9856K, reserved 1048576K
}
Event: 2752.388 GC heap before
{Heap before GC invocations=46 (full 3):
 PSYoungGen      total 146432K, used 146422K [0x00000000f5580000, 0x00000000ffd00000, 0x0000000100000000)
  eden space 132608K, 100% used [0x00000000f5580000,0x00000000fd700000,0x00000000fd700000)
  from space 13824K, 99% used [0x00000000fe980000,0x00000000ff6fd9c8,0x00000000ff700000)
  to   space 18944K, 0% used [0x00000000fd700000,0x00000000fd700000,0x00000000fe980000)
 ParOldGen       total 175104K, used 130387K [0x00000000e0000000, 0x00000000eab00000, 0x00000000f5580000)
  object space 175104K, 74% used [0x00000000e0000000,0x00000000e7f54f10,0x00000000eab00000)
 Metaspace       used 69225K, capacity 72844K, committed 73088K, reserved 1112064K
  class space    used 9127K, capacity 9761K, committed 9856K, reserved 1048576K
Event: 2752.504 GC heap after
Heap after GC invocations=46 (full 3):
 PSYoungGen      total 134656K, used 5536K [0x00000000f5580000, 0x00000000ff680000, 0x0000000100000000)
  eden space 129024K, 0% used [0x00000000f5580000,0x00000000f5580000,0x00000000fd380000)
  from space 5632K, 98% used [0x00000000fd700000,0x00000000fdc68000,0x00000000fdc80000)
  to   space 17920K, 0% used [0x00000000fe500000,0x00000000fe500000,0x00000000ff680000)
 ParOldGen       total 175104K, used 135495K [0x00000000e0000000, 0x00000000eab00000, 0x00000000f5580000)
  object space 175104K, 77% used [0x00000000e0000000,0x00000000e8451f20,0x00000000eab00000)
 Metaspace       used 69225K, capacity 72844K, committed 73088K, reserved 1112064K
  class space    used 9127K, capacity 9761K, committed 9856K, reserved 1048576K
}
Event: 2756.274 GC heap before
{Heap before GC invocations=47 (full 3):
 PSYoungGen      total 134656K, used 134560K [0x00000000f5580000, 0x00000000ff680000, 0x0000000100000000)
  eden space 129024K, 100% used [0x00000000f5580000,0x00000000fd380000,0x00000000fd380000)
  from space 5632K, 98% used [0x00000000fd700000,0x00000000fdc68000,0x00000000fdc80000)
  to   space 17920K, 0% used [0x00000000fe500000,0x00000000fe500000,0x00000000ff680000)
 ParOldGen       total 175104K, used 135495K [0x00000000e0000000, 0x00000000eab00000, 0x00000000f5580000)
  object space 175104K, 77% used [0x00000000e0000000,0x00000000e8451f20,0x00000000eab00000)
 Metaspace       used 69323K, capacity 72852K, committed 73088K, reserved 1112064K
  class space    used 9127K, capacity 9761K, committed 9856K, reserved 1048576K
Event: 2756.884 GC heap after
Heap after GC invocations=47 (full 3):
 PSYoungGen      total 144896K, used 15007K [0x00000000f5580000, 0x0000000100000000, 0x0000000100000000)
  eden space 126976K, 0% used [0x00000000f5580000,0x00000000f5580000,0x00000000fd180000)
  from space 17920K, 83% used [0x00000000fe500000,0x00000000ff3a7f10,0x00000000ff680000)
  to   space 19968K, 0% used [0x00000000fd180000,0x00000000fd180000,0x00000000fe500000)
 ParOldGen       total 175104K, used 140103K [0x00000000e0000000, 0x00000000eab00000, 0x00000000f5580000)
  object space 175104K, 80% used [0x00000000e0000000,0x00000000e88d1f20,0x00000000eab00000)
 Metaspace       used 69323K, capacity 72852K, committed 73088K, reserved 1112064K
  class space    used 9127K, capacity 9761K, committed 9856K, reserved 1048576K
}

Deoptimization events (10 events):
Event: 2931.709 Thread 0x0000000017755800 Uncommon trap: reason=unloaded action=reinterpret pc=0x0000000004e363d4 method=io.spring.gradle.dependencymanagement.internal.DependencyManagement.resolveIfNecessary()V @ 32
Event: 2931.710 Thread 0x0000000017755800 Uncommon trap: reason=unstable_if action=reinterpret pc=0x000000000287426c method=java.lang.AbstractStringBuilder.append(Ljava/lang/String;)Ljava/lang/AbstractStringBuilder; @ 1
Event: 2931.710 Thread 0x0000000017755800 Uncommon trap: reason=unloaded action=reinterpret pc=0x00000000034f9c08 method=org.gradle.internal.event.AbstractBroadcastDispatch.dispatch(Lorg/gradle/internal/dispatch/MethodInvocation;Ljava/util/Iterator;)V @ 118
Event: 2931.873 Thread 0x0000000017755800 Uncommon trap: reason=uninitialized action=reinterpret pc=0x00000000050efe6c method=org.gradle.api.internal.artifacts.ivyservice.resolveengine.graph.builder.DependencyGraphBuilder.maybeDownloadMetadataInParallel(Lorg/gradle/api/internal/artifacts/ivyservi
Event: 2932.167 Thread 0x000000001c225800 Uncommon trap: reason=unstable_if action=reinterpret pc=0x0000000004b08cf4 method=org.gradle.internal.resolve.result.DefaultBuildableComponentResolveResult.hasResult()Z @ 4
Event: 2932.167 Thread 0x000000001c224800 Uncommon trap: reason=unstable_if action=reinterpret pc=0x0000000004b08cf4 method=org.gradle.internal.resolve.result.DefaultBuildableComponentResolveResult.hasResult()Z @ 4
Event: 2932.167 Thread 0x0000000017755800 Uncommon trap: reason=unstable_if action=reinterpret pc=0x0000000004b08cf4 method=org.gradle.internal.resolve.result.DefaultBuildableComponentResolveResult.hasResult()Z @ 4
Event: 2932.191 Thread 0x0000000017755800 Uncommon trap: reason=class_check action=maybe_recompile pc=0x0000000004983b98 method=org.gradle.api.internal.attributes.DefaultImmutableAttributes.keySet()Lcom/google/common/collect/ImmutableSet; @ 4
Event: 2932.192 Thread 0x0000000017755800 Uncommon trap: reason=class_check action=maybe_recompile pc=0x0000000004983b98 method=org.gradle.api.internal.attributes.DefaultImmutableAttributes.keySet()Lcom/google/common/collect/ImmutableSet; @ 4
Event: 2932.192 Thread 0x0000000017755800 Uncommon trap: reason=class_check action=maybe_recompile pc=0x0000000004983b98 method=org.gradle.api.internal.attributes.DefaultImmutableAttributes.keySet()Lcom/google/common/collect/ImmutableSet; @ 4

Classes redefined (0 events):
No events

Internal exceptions (10 events):
Event: 2932.529 Thread 0x0000000017755800 NullPointerException at vtable entry 0x000000000269fba7
Event: 2932.529 Thread 0x0000000017755800 Exception <a 'java/lang/NullPointerException'> (0x00000000f84ba118) thrown at [C:\jenkins\workspace\8-2-build-windows-amd64-cygwin\jdk8u281\880\hotspot\src\share\vm\runtime\sharedRuntime.cpp, line 609]
Event: 2932.530 Thread 0x0000000017755800 NullPointerException at vtable entry 0x000000000269fba7
Event: 2932.530 Thread 0x0000000017755800 Exception <a 'java/lang/NullPointerException'> (0x00000000f84bc778) thrown at [C:\jenkins\workspace\8-2-build-windows-amd64-cygwin\jdk8u281\880\hotspot\src\share\vm\runtime\sharedRuntime.cpp, line 609]
Event: 2932.578 Thread 0x0000000017755800 NullPointerException at vtable entry 0x000000000269fba7
Event: 2932.578 Thread 0x0000000017755800 Exception <a 'java/lang/NullPointerException'> (0x00000000f84d0e40) thrown at [C:\jenkins\workspace\8-2-build-windows-amd64-cygwin\jdk8u281\880\hotspot\src\share\vm\runtime\sharedRuntime.cpp, line 609]
Event: 2932.636 Thread 0x0000000017755800 NullPointerException at vtable entry 0x000000000269fba7
Event: 2932.636 Thread 0x0000000017755800 Exception <a 'java/lang/NullPointerException'> (0x00000000f84e9568) thrown at [C:\jenkins\workspace\8-2-build-windows-amd64-cygwin\jdk8u281\880\hotspot\src\share\vm\runtime\sharedRuntime.cpp, line 609]
Event: 2932.636 Thread 0x0000000017755800 NullPointerException at vtable entry 0x000000000269fba7
Event: 2932.636 Thread 0x0000000017755800 Exception <a 'java/lang/NullPointerException'> (0x00000000f84ec740) thrown at [C:\jenkins\workspace\8-2-build-windows-amd64-cygwin\jdk8u281\880\hotspot\src\share\vm\runtime\sharedRuntime.cpp, line 609]

Events (10 events):
Event: 2932.171 loading class org/gradle/api/internal/artifacts/ivyservice/resolveengine/graph/builder/VirtualPlatformState done
Event: 2932.191 Thread 0x0000000017755800 Uncommon trap: trap_request=0xffffffde fr.pc=0x0000000004983b98
Event: 2932.191 Thread 0x0000000017755800 DEOPT PACKING pc=0x0000000004983b98 sp=0x000000001bb06550
Event: 2932.191 Thread 0x0000000017755800 DEOPT UNPACKING pc=0x00000000025c583b sp=0x000000001bb064e8 mode 2
Event: 2932.192 Thread 0x0000000017755800 Uncommon trap: trap_request=0xffffffde fr.pc=0x0000000004983b98
Event: 2932.192 Thread 0x0000000017755800 DEOPT PACKING pc=0x0000000004983b98 sp=0x000000001bb06550
Event: 2932.192 Thread 0x0000000017755800 DEOPT UNPACKING pc=0x00000000025c583b sp=0x000000001bb064e8 mode 2
Event: 2932.192 Thread 0x0000000017755800 Uncommon trap: trap_request=0xffffffde fr.pc=0x0000000004983b98
Event: 2932.192 Thread 0x0000000017755800 DEOPT PACKING pc=0x0000000004983b98 sp=0x000000001bb06550
Event: 2932.192 Thread 0x0000000017755800 DEOPT UNPACKING pc=0x00000000025c583b sp=0x000000001bb064e8 mode 2


Dynamic libraries:
0x000000013fe70000 - 0x000000013feb7000 	C:\Program Files\Java\jdk1.8.0_281\bin\java.exe
0x0000000077ae0000 - 0x0000000077c8a000 	C:\Windows\SYSTEM32\ntdll.dll
0x000007fefb090000 - 0x000007fefb0a3000 	C:\Program Files\Avast Software\Avast\aswhook.dll
0x00000000779c0000 - 0x0000000077adf000 	C:\Windows\system32\kernel32.dll
0x000007fefd940000 - 0x000007fefd9ab000 	C:\Windows\system32\KERNELBASE.dll
0x000007fefdd50000 - 0x000007fefde2b000 	C:\Windows\system32\ADVAPI32.dll
0x000007feff260000 - 0x000007feff2ff000 	C:\Windows\system32\msvcrt.dll
0x000007feff640000 - 0x000007feff65f000 	C:\Windows\SYSTEM32\sechost.dll
0x000007feff090000 - 0x000007feff1bd000 	C:\Windows\system32\RPCRT4.dll
0x00000000778c0000 - 0x00000000779ba000 	C:\Windows\system32\USER32.dll
0x000007fefec50000 - 0x000007fefecb7000 	C:\Windows\system32\GDI32.dll
0x000007feff3a0000 - 0x000007feff3ae000 	C:\Windows\system32\LPK.dll
0x000007feff840000 - 0x000007feff90a000 	C:\Windows\system32\USP10.dll
0x000007fefc0b0000 - 0x000007fefc2a4000 	C:\Windows\WinSxS\amd64_microsoft.windows.common-controls_6595b64144ccf1df_6.0.7601.18837_none_fa3b1e3d17594757\COMCTL32.dll
0x000007feffaa0000 - 0x000007feffb11000 	C:\Windows\system32\SHLWAPI.dll
0x000007fefde30000 - 0x000007fefde5e000 	C:\Windows\system32\IMM32.DLL
0x000007fefef80000 - 0x000007feff089000 	C:\Windows\system32\MSCTF.dll
0x000007fefadb0000 - 0x000007fefadb3000 	C:\Windows\system32\api-ms-win-core-synch-l1-2-0.DLL
0x000007fec7b20000 - 0x000007fec7b35000 	C:\Program Files\Java\jdk1.8.0_281\jre\bin\vcruntime140.dll
0x000007fef4b90000 - 0x000007fef4b94000 	C:\Windows\system32\api-ms-win-crt-runtime-l1-1-0.dll
0x000007feecbd0000 - 0x000007feeccc4000 	C:\Windows\system32\ucrtbase.DLL
0x000007feed260000 - 0x000007feed263000 	C:\Windows\system32\api-ms-win-core-timezone-l1-1-0.dll
0x000007feecbc0000 - 0x000007feecbc3000 	C:\Windows\system32\api-ms-win-core-file-l2-1-0.dll
0x000007feecbb0000 - 0x000007feecbb3000 	C:\Windows\system32\api-ms-win-core-localization-l1-2-0.dll
0x000007feecba0000 - 0x000007feecba3000 	C:\Windows\system32\api-ms-win-core-processthreads-l1-1-1.dll
0x000007feecb90000 - 0x000007feecb93000 	C:\Windows\system32\api-ms-win-core-file-l1-2-0.dll
0x000007feecb80000 - 0x000007feecb83000 	C:\Windows\system32\api-ms-win-crt-heap-l1-1-0.dll
0x000007feecb70000 - 0x000007feecb74000 	C:\Windows\system32\api-ms-win-crt-string-l1-1-0.dll
0x000007feecb60000 - 0x000007feecb64000 	C:\Windows\system32\api-ms-win-crt-stdio-l1-1-0.dll
0x000007feecb50000 - 0x000007feecb54000 	C:\Windows\system32\api-ms-win-crt-convert-l1-1-0.dll
0x000007fec7a70000 - 0x000007fec7b0b000 	C:\Program Files\Java\jdk1.8.0_281\jre\bin\msvcp140.dll
0x000007feecaf0000 - 0x000007feecaf3000 	C:\Windows\system32\api-ms-win-crt-locale-l1-1-0.dll
0x000007feecb00000 - 0x000007feecb05000 	C:\Windows\system32\api-ms-win-crt-math-l1-1-0.dll
0x000007feecb20000 - 0x000007feecb23000 	C:\Windows\system32\api-ms-win-crt-filesystem-l1-1-0.dll
0x000007feecb40000 - 0x000007feecb43000 	C:\Windows\system32\api-ms-win-crt-time-l1-1-0.dll
0x000007feecb10000 - 0x000007feecb13000 	C:\Windows\system32\api-ms-win-crt-environment-l1-1-0.dll
0x000007feecb30000 - 0x000007feecb33000 	C:\Windows\system32\api-ms-win-crt-utility-l1-1-0.dll
0x0000000065e90000 - 0x00000000666ef000 	C:\Program Files\Java\jdk1.8.0_281\jre\bin\server\jvm.dll
0x000007fef9f90000 - 0x000007fef9f99000 	C:\Windows\system32\WSOCK32.dll
0x000007fefdd00000 - 0x000007fefdd4d000 	C:\Windows\system32\WS2_32.dll
0x000007fefece0000 - 0x000007fefece8000 	C:\Windows\system32\NSI.dll
0x000007fefb850000 - 0x000007fefb88b000 	C:\Windows\system32\WINMM.dll
0x000007fefc950000 - 0x000007fefc95c000 	C:\Windows\system32\VERSION.dll
0x0000000077cb0000 - 0x0000000077cb7000 	C:\Windows\system32\PSAPI.DLL
0x000007fec7a60000 - 0x000007fec7a70000 	C:\Program Files\Java\jdk1.8.0_281\jre\bin\verify.dll
0x000007fec7280000 - 0x000007fec72ab000 	C:\Program Files\Java\jdk1.8.0_281\jre\bin\java.dll
0x000007fec7260000 - 0x000007fec7278000 	C:\Program Files\Java\jdk1.8.0_281\jre\bin\zip.dll
0x000007fefde60000 - 0x000007fefebe9000 	C:\Windows\system32\SHELL32.dll
0x000007fefed70000 - 0x000007fefef73000 	C:\Windows\system32\ole32.dll
0x000007fefd870000 - 0x000007fefd87f000 	C:\Windows\system32\profapi.dll
0x000007fec71d0000 - 0x000007fec71ec000 	C:\Program Files\Java\jdk1.8.0_281\jre\bin\net.dll
0x000007fefd040000 - 0x000007fefd095000 	C:\Windows\system32\mswsock.dll
0x000007fefd030000 - 0x000007fefd037000 	C:\Windows\System32\wship6.dll
0x000007fec71b0000 - 0x000007fec71c3000 	C:\Program Files\Java\jdk1.8.0_281\jre\bin\nio.dll
0x000007fee5510000 - 0x000007fee5537000 	C:\Users\PRANIL\.gradle\native\fdc75f09e3144964f2cf3f50f0aa648679c211496f362492102eb8c894070792\windows-amd64\native-platform.dll
0x000007fec3370000 - 0x000007fec3506000 	C:\Users\PRANIL\.gradle\native\12488b8bf47d2d4c9fbf2f6322a914ad602e24e48041cd04a747c6da556b65c4\windows-amd64\native-platform-file-events.dll
0x000007fee8ce0000 - 0x000007fee8ced000 	C:\Program Files\Java\jdk1.8.0_281\jre\bin\management.dll
0x000007fefd0a0000 - 0x000007fefd0b8000 	C:\Windows\system32\CRYPTSP.dll
0x000007fefcda0000 - 0x000007fefcde7000 	C:\Windows\system32\rsaenh.dll
0x000007fefdc00000 - 0x000007fefdc1e000 	C:\Windows\system32\USERENV.dll
0x000007fefd700000 - 0x000007fefd70f000 	C:\Windows\system32\CRYPTBASE.dll
0x000007fefa6f0000 - 0x000007fefa717000 	C:\Windows\system32\IPHLPAPI.DLL
0x000007fefa6e0000 - 0x000007fefa6eb000 	C:\Windows\system32\WINNSI.DLL
0x000007fefa4f0000 - 0x000007fefa508000 	C:\Windows\system32\dhcpcsvc.DLL
0x000007fefa4d0000 - 0x000007fefa4e1000 	C:\Windows\system32\dhcpcsvc6.DLL
0x000007fec6f00000 - 0x000007fec6f24000 	C:\Program Files\Java\jdk1.8.0_281\jre\bin\sunec.dll
0x000007fefca20000 - 0x000007fefca27000 	C:\Windows\System32\wshtcpip.dll
0x000007fefcec0000 - 0x000007fefcf1b000 	C:\Windows\system32\DNSAPI.dll
0x000007fef4b20000 - 0x000007fef4b28000 	C:\Windows\system32\rasadhlp.dll
0x000007fefa590000 - 0x000007fefa5e3000 	C:\Windows\System32\fwpuclnt.dll
0x000007fee8cd0000 - 0x000007fee8cdd000 	C:\Program Files\Java\jdk1.8.0_281\jre\bin\sunmscapi.dll
0x000007fefda90000 - 0x000007fefdbfd000 	C:\Windows\system32\CRYPT32.dll
0x000007fefd860000 - 0x000007fefd86f000 	C:\Windows\system32\MSASN1.dll
0x000007fefd220000 - 0x000007fefd270000 	C:\Windows\system32\ncrypt.dll
0x000007fefd1f0000 - 0x000007fefd212000 	C:\Windows\system32\bcrypt.dll
0x000007fefd6a0000 - 0x000007fefd6f7000 	C:\Windows\system32\apphelp.dll
0x000007fefabc0000 - 0x000007feface5000 	C:\Windows\system32\dbghelp.dll

VM Arguments:
jvm_args: -XX:MaxMetaspaceSize=256m -XX:+HeapDumpOnOutOfMemoryError -Xms256m -Xmx512m -Dfile.encoding=windows-1252 -Duser.country=US -Duser.language=en -Duser.variant 
java_command: org.gradle.launcher.daemon.bootstrap.GradleDaemon 6.8.3
java_class_path (initial): C:\Users\PRANIL\.gradle\wrapper\dists\gradle-6.8.3-bin\7ykxq50lst7lb7wx1nijpicxn\gradle-6.8.3\lib\gradle-launcher-6.8.3.jar
Launcher Type: SUN_STANDARD

Environment Variables:
CLASSPATH=C:\Users\PRANIL\git\CBIA\\gradle\wrapper\gradle-wrapper.jar
PATH=C:\Program Files (x86)\Common Files\Oracle\Java\javapath;C:\Windows\system32;C:\Windows;C:\Windows\System32\Wbem;C:\Windows\System32\WindowsPowerShell\v1.0\;C:\Program Files\Microsoft SQL Server\Client SDK\ODBC\110\Tools\Binn\;C:\Program Files (x86)\Microsoft SQL Server\120\Tools\Binn\;C:\Program Files\Microsoft SQL Server\120\Tools\Binn\;C:\Program Files\Microsoft SQL Server\120\DTS\Binn\;C:\Program Files (x86)\Microsoft SQL Server\120\Tools\Binn\ManagementStudio\;C:\Program Files (x86)\Microsoft SQL Server\120\DTS\Binn\;C:\Program Files\Broadcom\Broadcom 802.11\Driver;C:\Program Files\Java\jdk1.8.0_281\bin;C:\Program Files\Java\jre1.8.0_281\bin;C:\Windows\System32;C:\Windows\SysWow64\;C:\Program Files\Git\cmd;C:\Windows\System32;C:\Program Files\gradle-7.0\bin
USERNAME=PRANIL
OS=Windows_NT
PROCESSOR_IDENTIFIER=Intel64 Family 6 Model 42 Stepping 7, GenuineIntel



---------------  S Y S T E M  ---------------

OS: Windows 7 , 64 bit Build 7601 (6.1.7601.19160)

CPU:total 4 (initial active 4) (2 cores per cpu, 2 threads per core) family 6 model 42 stepping 7, cmov, cx8, fxsr, mmx, sse, sse2, sse3, ssse3, sse4.1, sse4.2, popcnt, avx, clmul, ht, tsc, tscinvbit

Memory: 4k page, physical 4042608k(571016k free), swap 9221296k(1289312k free)

vm_info: Java HotSpot(TM) 64-Bit Server VM (25.281-b09) for windows-amd64 JRE (1.8.0_281-b09), built on Dec  9 2020 13:54:07 by "" with MS VC++ 15.9 (VS2017)

time: Mon May 17 17:49:00 2021
timezone: India Standard Time
elapsed time: 2933.469435 seconds (0d 0h 48m 53s)

